[2026-04-18 12:01:21] === RPC Monitor Starting ===
[2026-04-18 12:01:21] DRY RUN MODE - no changes will be made
[2026-04-18 12:01:21] Found 45 chain(s) to monitor
[2026-04-18 12:01:21] Processing arbitrum (from /home/kytusdevenn/.picord/workspace/crypto-rpc-library/networks/arbitrum/tested.md)...
[2026-04-18 12:01:21] Found 0 RPC entries in tested.md
[2026-04-18 12:01:21] Processing avalanche (from /home/kytusdevenn/.picord/workspace/crypto-rpc-library/networks/avalanche/tested.md)...
[2026-04-18 12:01:21] Found 0 RPC entries in tested.md
[2026-04-18 12:01:21] Processing evm_arbitrum (from /home/kytusdevenn/.picord/workspace/crypto-rpc-library/networks/evm/arbitrum/tested.md)...
[2026-04-18 12:01:21] Found 0 RPC entries in tested.md
[2026-04-18 12:01:21] Processing evm_astar (from /home/kytusdevenn/.picord/workspace/crypto-rpc-library/networks/evm/astar/tested.md)...
[2026-04-18 12:01:21] Found 0 RPC entries in tested.md
[2026-04-18 12:01:21] Processing evm_aurora (from /home/kytusdevenn/.picord/workspace/crypto-rpc-library/networks/evm/aurora/tested.md)...
[2026-04-18 12:01:21] Found 0 RPC entries in tested.md
[2026-04-18 12:01:21] Processing evm_avalanche (from /home/kytusdevenn/.picord/workspace/crypto-rpc-library/networks/evm/avalanche/tested.md)...
[2026-04-18 12:01:21] Found 2 RPC entries in tested.md
[2026-04-18 12:01:21] Created input file: /home/kytusdevenn/.picord/workspace/crypto-rpc-library/data/avalanche_input.md
[2026-04-18 12:01:21] [DRY RUN] Would test 2 RPCs for avalanche
[2026-04-18 12:01:21] Processing evm_base (from /home/kytusdevenn/.picord/workspace/crypto-rpc-library/networks/evm/base/tested.md)...
[2026-04-18 12:01:21] Found 0 RPC entries in tested.md
[2026-04-18 12:01:21] Processing evm_berachain (from /home/kytusdevenn/.picord/workspace/crypto-rpc-library/networks/evm/berachain/tested.md)...
[2026-04-18 12:01:21] Found 0 RPC entries in tested.md
[2026-04-18 12:01:21] Processing evm_bittorrent (from /home/kytusdevenn/.picord/workspace/crypto-rpc-library/networks/evm/bittorrent/tested.md)...
[2026-04-18 12:01:21] Found 0 RPC entries in tested.md
[2026-04-18 12:01:21] Processing evm_bnb (from /home/kytusdevenn/.picord/workspace/crypto-rpc-library/networks/evm/bnb/tested.md)...
[2026-04-18 12:01:21] Found 0 RPC entries in tested.md
[2026-04-18 12:01:21] Processing evm_callisto (from /home/kytusdevenn/.picord/workspace/crypto-rpc-library/networks/evm/callisto/tested.md)...
[2026-04-18 12:01:21] Found 0 RPC entries in tested.md
[2026-04-18 12:01:21] Processing evm_celo (from /home/kytusdevenn/.picord/workspace/crypto-rpc-library/networks/evm/celo/tested.md)...
[2026-04-18 12:01:21] Found 0 RPC entries in tested.md
[2026-04-18 12:01:21] Processing evm_cronos (from /home/kytusdevenn/.picord/workspace/crypto-rpc-library/networks/evm/cronos/tested.md)...
[2026-04-18 12:01:21] Found 0 RPC entries in tested.md
[2026-04-18 12:01:21] Processing evm_dex (from /home/kytusdevenn/.picord/workspace/crypto-rpc-library/networks/evm/dex/tested.md)...
[2026-04-18 12:01:21] Found 0 RPC entries in tested.md
[2026-04-18 12:01:21] Processing evm_etc (from /home/kytusdevenn/.picord/workspace/crypto-rpc-library/networks/evm/etc/tested.md)...
[2026-04-18 12:01:21] Found 0 RPC entries in tested.md
[2026-04-18 12:01:21] Processing evm_ethereum (from /home/kytusdevenn/.picord/workspace/crypto-rpc-library/networks/evm/ethereum/tested.md)...
[2026-04-18 12:01:21] Found 0 RPC entries in tested.md
[2026-04-18 12:01:21] Processing evm_fantom (from /home/kytusdevenn/.picord/workspace/crypto-rpc-library/networks/evm/fantom/tested.md)...
[2026-04-18 12:01:21] Found 0 RPC entries in tested.md
[2026-04-18 12:01:21] Processing evm_fuse (from /home/kytusdevenn/.picord/workspace/crypto-rpc-library/networks/evm/fuse/tested.md)...
[2026-04-18 12:01:21] Found 0 RPC entries in tested.md
[2026-04-18 12:01:21] Processing evm_gnosis (from /home/kytusdevenn/.picord/workspace/crypto-rpc-library/networks/evm/gnosis/tested.md)...
[2026-04-18 12:01:21] Found 0 RPC entries in tested.md
[2026-04-18 12:01:21] Processing evm_godwoken (from /home/kytusdevenn/.picord/workspace/crypto-rpc-library/networks/evm/godwoken/tested.md)...
[2026-04-18 12:01:21] Found 0 RPC entries in tested.md
[2026-04-18 12:01:21] Processing evm_harmony (from /home/kytusdevenn/.picord/workspace/crypto-rpc-library/networks/evm/harmony/tested.md)...
[2026-04-18 12:01:21] Found 0 RPC entries in tested.md
[2026-04-18 12:01:21] Processing evm_huobi (from /home/kytusdevenn/.picord/workspace/crypto-rpc-library/networks/evm/huobi/tested.md)...
[2026-04-18 12:01:21] Found 0 RPC entries in tested.md
[2026-04-18 12:01:21] Processing evm_iotex (from /home/kytusdevenn/.picord/workspace/crypto-rpc-library/networks/evm/iotex/tested.md)...
[2026-04-18 12:01:21] Found 0 RPC entries in tested.md
[2026-04-18 12:01:21] Processing evm_karura (from /home/kytusdevenn/.picord/workspace/crypto-rpc-library/networks/evm/karura/tested.md)...
[2026-04-18 12:01:21] Found 0 RPC entries in tested.md
[2026-04-18 12:01:21] Processing evm_kcc (from /home/kytusdevenn/.picord/workspace/crypto-rpc-library/networks/evm/kcc/tested.md)...
[2026-04-18 12:01:21] Found 0 RPC entries in tested.md
[2026-04-18 12:01:21] Processing evm_klaytn (from /home/kytusdevenn/.picord/workspace/crypto-rpc-library/networks/evm/klaytn/tested.md)...
[2026-04-18 12:01:21] Found 0 RPC entries in tested.md
[2026-04-18 12:01:21] Processing evm_lightlink (from /home/kytusdevenn/.picord/workspace/crypto-rpc-library/networks/evm/lightlink/tested.md)...
[2026-04-18 12:01:21] Found 0 RPC entries in tested.md
[2026-04-18 12:01:21] Processing evm_linea (from /home/kytusdevenn/.picord/workspace/crypto-rpc-library/networks/evm/linea/tested.md)...
[2026-04-18 12:01:21] Found 0 RPC entries in tested.md
[2026-04-18 12:01:21] Processing evm_mantle (from /home/kytusdevenn/.picord/workspace/crypto-rpc-library/networks/evm/mantle/tested.md)...
[2026-04-18 12:01:21] Found 0 RPC entries in tested.md
[2026-04-18 12:01:21] Processing evm_metagov (from /home/kytusdevenn/.picord/workspace/crypto-rpc-library/networks/evm/metagov/tested.md)...
[2026-04-18 12:01:21] Found 0 RPC entries in tested.md
[2026-04-18 12:01:21] Processing evm_moonbeam (from /home/kytusdevenn/.picord/workspace/crypto-rpc-library/networks/evm/moonbeam/tested.md)...
[2026-04-18 12:01:21] Found 0 RPC entries in tested.md
[2026-04-18 12:01:21] Processing evm_moonriver (from /home/kytusdevenn/.picord/workspace/crypto-rpc-library/networks/evm/moonriver/tested.md)...
[2026-04-18 12:01:21] Found 0 RPC entries in tested.md
[2026-04-18 12:01:21] Processing evm_oasis (from /home/kytusdevenn/.picord/workspace/crypto-rpc-library/networks/evm/oasis/tested.md)...
[2026-04-18 12:01:21] Found 0 RPC entries in tested.md
[2026-04-18 12:01:21] Processing evm_optimism (from /home/kytusdevenn/.picord/workspace/crypto-rpc-library/networks/evm/optimism/tested.md)...
[2026-04-18 12:01:21] Found 0 RPC entries in tested.md
[2026-04-18 12:01:21] Processing evm_polygon (from /home/kytusdevenn/.picord/workspace/crypto-rpc-library/networks/evm/polygon/tested.md)...
[2026-04-18 12:01:21] Found 0 RPC entries in tested.md
[2026-04-18 12:01:21] Processing evm_ronin (from /home/kytusdevenn/.picord/workspace/crypto-rpc-library/networks/evm/ronin/tested.md)...
[2026-04-18 12:01:21] Found 0 RPC entries in tested.md
[2026-04-18 12:01:21] Processing evm_rsk (from /home/kytusdevenn/.picord/workspace/crypto-rpc-library/networks/evm/rsk/tested.md)...
[2026-04-18 12:01:21] Found 0 RPC entries in tested.md
[2026-04-18 12:01:21] Processing evm_scroll (from /home/kytusdevenn/.picord/workspace/crypto-rpc-library/networks/evm/scroll/tested.md)...
[2026-04-18 12:01:21] Found 0 RPC entries in tested.md
[2026-04-18 12:01:21] Processing evm_syscoin (from /home/kytusdevenn/.picord/workspace/crypto-rpc-library/networks/evm/syscoin/tested.md)...
[2026-04-18 12:01:21] Found 0 RPC entries in tested.md
[2026-04-18 12:01:21] Processing evm_taiko (from /home/kytusdevenn/.picord/workspace/crypto-rpc-library/networks/evm/taiko/tested.md)...
[2026-04-18 12:01:21] Found 0 RPC entries in tested.md
[2026-04-18 12:01:21] Processing evm_tomochain (from /home/kytusdevenn/.picord/workspace/crypto-rpc-library/networks/evm/tomochain/tested.md)...
[2026-04-18 12:01:21] Found 0 RPC entries in tested.md
[2026-04-18 12:01:21] Processing evm_velas (from /home/kytusdevenn/.picord/workspace/crypto-rpc-library/networks/evm/velas/tested.md)...
[2026-04-18 12:01:21] Found 0 RPC entries in tested.md
[2026-04-18 12:01:21] Processing evm_zksync (from /home/kytusdevenn/.picord/workspace/crypto-rpc-library/networks/evm/zksync/tested.md)...
[2026-04-18 12:01:21] Found 0 RPC entries in tested.md
[2026-04-18 12:01:21] Processing solana (from /home/kytusdevenn/.picord/workspace/crypto-rpc-library/networks/solana/tested.md)...
[2026-04-18 12:01:21] Found 0 RPC entries in tested.md
[2026-04-18 12:01:21] Processing solana_dex (from /home/kytusdevenn/.picord/workspace/crypto-rpc-library/networks/solana/dex/tested.md)...
[2026-04-18 12:01:21] Found 0 RPC entries in tested.md
[2026-04-18 12:01:21] Total RPCs updated: 2
[2026-04-18 12:01:21] === RPC Monitor Complete ===
